[debug] [2019-03-19T09:35:19.125Z] ----------------------------------------------------------------------
[debug] [2019-03-19T09:35:19.129Z] Command:       C:\Program Files\nodejs\node.exe C:\Users\125331\AppData\Roaming\npm\node_modules\firebase-tools\lib\bin\firebase.js init
[debug] [2019-03-19T09:35:19.129Z] CLI Version:   6.5.0
[debug] [2019-03-19T09:35:19.129Z] Platform:      win32
[debug] [2019-03-19T09:35:19.129Z] Node Version:  v10.15.1
[debug] [2019-03-19T09:35:19.131Z] Time:          Tue Mar 19 2019 10:35:19 GMT+0100 (GMT+01:00)
[debug] [2019-03-19T09:35:19.131Z] ----------------------------------------------------------------------
[debug] 
[debug] [2019-03-19T09:35:19.149Z] > command requires scopes: ["email","openid","https://www.googleapis.com/auth/cloudplatformprojects.readonly","https://www.googleapis.com/auth/firebase","https://www.googleapis.com/auth/cloud-platform"]
[debug] [2019-03-19T09:35:19.149Z] > authorizing via signed-in user
[info] 
     ######## #### ########  ######## ########     ###     ######  ########
     ##        ##  ##     ## ##       ##     ##  ##   ##  ##       ##
     ######    ##  ########  ######   ########  #########  ######  ######
     ##        ##  ##    ##  ##       ##     ## ##     ##       ## ##
     ##       #### ##     ## ######## ########  ##     ##  ######  ########

You're about to initialize a Firebase project in this directory:

  C:\Users\125331\Documents\git\tuvotestucomptes

Before we get started, keep in mind:

  * You are initializing in an existing Firebase project directory

[info] 
=== Project Setup
[info] 
[info] First, let's associate this project directory with a Firebase project.
[info] You can create multiple project aliases by running firebase use --add, 
[info] but for now we'll just set up a default project.
[info] 
[info] i  .firebaserc already has a default project, skipping
[info] 
=== Firestore Setup
[debug] [2019-03-19T09:35:30.363Z] > command requires scopes: ["email","openid","https://www.googleapis.com/auth/cloudplatformprojects.readonly","https://www.googleapis.com/auth/firebase","https://www.googleapis.com/auth/cloud-platform"]
[debug] [2019-03-19T09:35:30.364Z] > authorizing via signed-in user
[debug] [2019-03-19T09:35:30.366Z] >>> HTTP REQUEST GET https://firebase.googleapis.com/v1beta1/projects/tuvotestucomptes-4b846  
 
[debug] [2019-03-19T09:35:30.835Z] <<< HTTP RESPONSE 200
[info] 
[info] Firestore Security Rules allow you to define how and when to allow
[info] requests. You can keep these rules in your project directory
[info] and publish them with firebase deploy.
[info] 
